<?xml version="1.0" encoding="UTF-8"?>
<!-- Generated by org.testng.reporters.JUnitReportReporter -->
<testsuite hostname="DESKTOP-OB0BV7U" failures="0" tests="1" name="TestClass_Maven.Verifyuserlogin" time="19.535" errors="0" timestamp="2022-07-28T18:30:22 IST" skipped="0">
  <testcase classname="TestClass_Maven.Verifyuserlogin" name="VerifyUserLogin" time="19.535"/>
  <system-out/>
</testsuite> <!-- TestClass_Maven.Verifyuserlogin -->
