<?xml version="1.0" encoding="UTF-8"?>
<!-- Generated by org.testng.reporters.JUnitReportReporter -->
<testsuite hostname="DESKTOP-OB0BV7U" failures="0" tests="2" name="TestClass_Maven.VerifyNewAddress" time="10.726" errors="0" timestamp="2022-07-28T00:35:14 IST" skipped="0">
  <testcase classname="TestClass_Maven.VerifyNewAddress" name="VerifyUserCanGoToProfilePage" time="1.594"/>
  <system-out/>
  <testcase classname="TestClass_Maven.VerifyNewAddress" name="VerifyUserAddress" time="9.132"/>
  <system-out/>
</testsuite> <!-- TestClass_Maven.VerifyNewAddress -->
