<?xml version="1.0" encoding="UTF-8"?>
<!-- Generated by org.testng.reporters.JUnitReportReporter -->
<testsuite hostname="DESKTOP-OB0BV7U" failures="0" tests="2" name="TestClass_Maven.VerifyNewAddress" time="11.045" errors="0" timestamp="2022-07-28T18:30:22 IST" skipped="0">
  <testcase classname="TestClass_Maven.VerifyNewAddress" name="VerifyUserCanGoToProfilePage" time="3.282"/>
  <system-out/>
  <testcase classname="TestClass_Maven.VerifyNewAddress" name="VerifyUserAddress" time="7.763"/>
  <system-out/>
</testsuite> <!-- TestClass_Maven.VerifyNewAddress -->
